<?xml version="1.0" encoding="UTF-8"?>
<testsuite xmlns:xsi="http://www.w3.org/2001/XMLSchema-instance" xsi:noNamespaceSchemaLocation="https://maven.apache.org/surefire/maven-surefire-plugin/xsd/surefire-test-report-3.0.xsd" version="3.0" name="com.mgp.mdemo1.frontend.tests.testng.runner.RunCucumberTest" time="289.156" tests="6" errors="0" skipped="0" failures="1">
  <properties>
[...]
</properties>
  <testcase name="runScenario[&quot;Verify user can make a payment after login to the system.&quot;, &quot;Submit an application.&quot;](1)" classname="com.mgp.mdemo1.frontend.tests.testng.runner.RunCucumberTest" time="69.556">
    <system-out><![CDATA[
@SubmitAnApplication
Scenario Outline: Verify user can make a payment after login to the system.                                          # features/SubmitAValidApplication.feature:25
  Given User go to the Prequalification page and select user as "Test User5"                                         # com.mgp.mdemo1.frontend.tests.stepdefinitions.PreRequestSteps.userGoToThePrequalificationPageAndSelectUserAs(java.lang.String)
  When User select answers as "Y", "Y", "Y" and "Y"                                                                  # com.mgp.mdemo1.frontend.tests.stepdefinitions.TellUsSteps.userSelectAnswersAsAnd(java.lang.String,java.lang.String,java.lang.String,java.lang.String)
  Then Click on the Next button                                                                                      # com.mgp.mdemo1.frontend.tests.stepdefinitions.TellUsSteps.clickOnTheNextButton()
  And User click on Consent checkbox with value is "Y"                                                               # com.mgp.mdemo1.frontend.tests.stepdefinitions.ConsentSteps.userClickOnConsentCheckboxWithValueIs(java.lang.String)
  And Click on the Next button                                                                                       # com.mgp.mdemo1.frontend.tests.stepdefinitions.TellUsSteps.clickOnTheNextButton()
  And User input on Spend money text box with value is "500000"                                                      # com.mgp.mdemo1.frontend.tests.stepdefinitions.SpendSteps.userInputOnSpendMoneyTextBoxWithValueIs(java.lang.String)
  And Click on the Next button                                                                                       # com.mgp.mdemo1.frontend.tests.stepdefinitions.TellUsSteps.clickOnTheNextButton()
  And User input on Down payment money text box with value is "400000"                                               # com.mgp.mdemo1.frontend.tests.stepdefinitions.DownPaymentSteps.userInputOnDownPaymentMoneyTextBoxWithValueIs(java.lang.String)
  And Click on the Next button                                                                                       # com.mgp.mdemo1.frontend.tests.stepdefinitions.TellUsSteps.clickOnTheNextButton()
  And User input on Gross income text box with value is "80000"                                                      # com.mgp.mdemo1.frontend.tests.stepdefinitions.GrossIncomeSteps.userInputOnGrossIncomeTextBoxWithValueIs(java.lang.String)
  And Click on the Next button                                                                                       # com.mgp.mdemo1.frontend.tests.stepdefinitions.TellUsSteps.clickOnTheNextButton()
  And User input on Monthly Expenses text box with value is "1500"                                                   # com.mgp.mdemo1.frontend.tests.stepdefinitions.MonthlyExpensesSteps.userInputOnMonthlyExpensesTextBoxWithValueIs(java.lang.String)
  And Click on the Next button                                                                                       # com.mgp.mdemo1.frontend.tests.stepdefinitions.TellUsSteps.clickOnTheNextButton()
  Then User should see the Summary Review Page                                                                       # com.mgp.mdemo1.frontend.tests.stepdefinitions.SummaryReviewSteps.userShouldSeeTheSummaryReviewPage()
  When User click on the Submit button                                                                               # com.mgp.mdemo1.frontend.tests.stepdefinitions.SummaryReviewSteps.userClickOnTheSubmitButton()
  And User should see the Congratulations page                                                                       # com.mgp.mdemo1.frontend.tests.stepdefinitions.CongratulationsSteps.userShouldSeeTheCongratulationsPage()
  And User should see the Congratulations message as "You have qualified for our Mortgage Prequalification Program." # com.mgp.mdemo1.frontend.tests.stepdefinitions.CongratulationsSteps.userShouldSeeTheCongratulationsMessageAs(java.lang.String)
]]></system-out>
    <system-err><![CDATA[SLF4J: No SLF4J providers were found.
SLF4J: Defaulting to no-operation (NOP) logger implementation
SLF4J: See https://www.slf4j.org/codes.html#noProviders for further details.
]]></system-err>
  </testcase>
  <testcase name="runScenario[&quot;Verify user cannot make a payment if input invalid data on the Prequalification screen.&quot;, &quot;Submit an invalid application.&quot;](2)" classname="com.mgp.mdemo1.frontend.tests.testng.runner.RunCucumberTest" time="43.459">
    <system-out><![CDATA[
@SubmitAnInvalidApplication
Scenario Outline: Verify user cannot make a payment if input invalid data on the Prequalification screen. # features/SubmitAnInvalidApplication.feature:13
  Given User go to the Prequalification page and select user as "Test User1"                              # com.mgp.mdemo1.frontend.tests.stepdefinitions.PreRequestSteps.userGoToThePrequalificationPageAndSelectUserAs(java.lang.String)
  When User select answers as "N", "Y", "Y" and "Y"                                                       # com.mgp.mdemo1.frontend.tests.stepdefinitions.TellUsSteps.userSelectAnswersAsAnd(java.lang.String,java.lang.String,java.lang.String,java.lang.String)
  And Click on the Next button                                                                            # com.mgp.mdemo1.frontend.tests.stepdefinitions.TellUsSteps.clickOnTheNextButton()
  Then User should see we are sorry page                                                                  # com.mgp.mdemo1.frontend.tests.stepdefinitions.WeAreSorrySteps.userShouldSeeWeAreSorryPage()
  And User should see the message "Werex sorry you declined our process!"                                 # com.mgp.mdemo1.frontend.tests.stepdefinitions.WeAreSorrySteps.userShouldSeeTheMessage(java.lang.String)
]]></system-out>
  </testcase>
  <testcase name="runScenario[&quot;Verify user cannot make a payment if input invalid data on the Prequalification screen.&quot;, &quot;Submit an invalid application.&quot;](3)" classname="com.mgp.mdemo1.frontend.tests.testng.runner.RunCucumberTest" time="39.738">
    <system-out><![CDATA[
@SubmitAnInvalidApplication
Scenario Outline: Verify user cannot make a payment if input invalid data on the Prequalification screen. # features/SubmitAnInvalidApplication.feature:14
  Given User go to the Prequalification page and select user as "Test User1"                              # com.mgp.mdemo1.frontend.tests.stepdefinitions.PreRequestSteps.userGoToThePrequalificationPageAndSelectUserAs(java.lang.String)
  When User select answers as "Y", "N", "Y" and "Y"                                                       # com.mgp.mdemo1.frontend.tests.stepdefinitions.TellUsSteps.userSelectAnswersAsAnd(java.lang.String,java.lang.String,java.lang.String,java.lang.String)
  And Click on the Next button                                                                            # com.mgp.mdemo1.frontend.tests.stepdefinitions.TellUsSteps.clickOnTheNextButton()
  Then User should see we are sorry page                                                                  # com.mgp.mdemo1.frontend.tests.stepdefinitions.WeAreSorrySteps.userShouldSeeWeAreSorryPage()
  And User should see the message "Werex sorry you declined our process!"                                 # com.mgp.mdemo1.frontend.tests.stepdefinitions.WeAreSorrySteps.userShouldSeeTheMessage(java.lang.String)
]]></system-out>
  </testcase>
  <testcase name="runScenario[&quot;Verify user cannot make a payment if input invalid data on the Prequalification screen.&quot;, &quot;Submit an invalid application.&quot;](4)" classname="com.mgp.mdemo1.frontend.tests.testng.runner.RunCucumberTest" time="37.496">
    <system-out><![CDATA[
@SubmitAnInvalidApplication
Scenario Outline: Verify user cannot make a payment if input invalid data on the Prequalification screen. # features/SubmitAnInvalidApplication.feature:15
  Given User go to the Prequalification page and select user as "Test User1"                              # com.mgp.mdemo1.frontend.tests.stepdefinitions.PreRequestSteps.userGoToThePrequalificationPageAndSelectUserAs(java.lang.String)
  When User select answers as "Y", "Y", "N" and "Y"                                                       # com.mgp.mdemo1.frontend.tests.stepdefinitions.TellUsSteps.userSelectAnswersAsAnd(java.lang.String,java.lang.String,java.lang.String,java.lang.String)
  And Click on the Next button                                                                            # com.mgp.mdemo1.frontend.tests.stepdefinitions.TellUsSteps.clickOnTheNextButton()
  Then User should see we are sorry page                                                                  # com.mgp.mdemo1.frontend.tests.stepdefinitions.WeAreSorrySteps.userShouldSeeWeAreSorryPage()
  And User should see the message "Werex sorry you declined our process!"                                 # com.mgp.mdemo1.frontend.tests.stepdefinitions.WeAreSorrySteps.userShouldSeeTheMessage(java.lang.String)
]]></system-out>
  </testcase>
  <testcase name="runScenario[&quot;Verify user cannot make a payment if input invalid data on the Prequalification screen.&quot;, &quot;Submit an invalid application.&quot;](5)" classname="com.mgp.mdemo1.frontend.tests.testng.runner.RunCucumberTest" time="37.195">
    <system-out><![CDATA[
@SubmitAnInvalidApplication
Scenario Outline: Verify user cannot make a payment if input invalid data on the Prequalification screen. # features/SubmitAnInvalidApplication.feature:16
  Given User go to the Prequalification page and select user as "Test User1"                              # com.mgp.mdemo1.frontend.tests.stepdefinitions.PreRequestSteps.userGoToThePrequalificationPageAndSelectUserAs(java.lang.String)
  When User select answers as "Y", "Y", "Y" and "N"                                                       # com.mgp.mdemo1.frontend.tests.stepdefinitions.TellUsSteps.userSelectAnswersAsAnd(java.lang.String,java.lang.String,java.lang.String,java.lang.String)
  And Click on the Next button                                                                            # com.mgp.mdemo1.frontend.tests.stepdefinitions.TellUsSteps.clickOnTheNextButton()
  Then User should see we are sorry page                                                                  # com.mgp.mdemo1.frontend.tests.stepdefinitions.WeAreSorrySteps.userShouldSeeWeAreSorryPage()
  And User should see the message "Werex sorry you declined our process!"                                 # com.mgp.mdemo1.frontend.tests.stepdefinitions.WeAreSorrySteps.userShouldSeeTheMessage(java.lang.String)
]]></system-out>
  </testcase>
  <testcase name="runScenario[&quot;Verify user cannot make a payment if input invalid data on the Consent page.&quot;, &quot;Submit an invalid application.&quot;](6)" classname="com.mgp.mdemo1.frontend.tests.testng.runner.RunCucumberTest" time="60.184">
    <failure message="expected [Werex sorry you declined our process!] but found [null]" type="java.lang.AssertionError"><![CDATA[java.lang.AssertionError: expected [Werex sorry you declined our process!] but found [null]
	at org.testng.Assert.fail(Assert.java:110)
	at org.testng.Assert.failNotEquals(Assert.java:1413)
	at org.testng.Assert.assertEqualsImpl(Assert.java:149)
	at org.testng.Assert.assertEquals(Assert.java:131)
	at org.testng.Assert.assertEquals(Assert.java:655)
	at org.testng.Assert.assertEquals(Assert.java:665)
	at com.mgp.mdemo1.frontend.tests.stepdefinitions.WeAreSorrySteps.userShouldSeeTheMessage(WeAreSorrySteps.java:32)
	at ✽.User should see the message "Werex sorry you declined our process!"(classpath:features/SubmitAnInvalidApplication.feature:25)
]]></failure>
    <system-out><![CDATA[
@SubmitAnInvalidApplication
Scenario Outline: Verify user cannot make a payment if input invalid data on the Consent page. # features/SubmitAnInvalidApplication.feature:29
  Given User go to the Prequalification page and select user as "Test User5"                   # com.mgp.mdemo1.frontend.tests.stepdefinitions.PreRequestSteps.userGoToThePrequalificationPageAndSelectUserAs(java.lang.String)
  When User select answers as "Y", "Y", "Y" and "Y"                                            # com.mgp.mdemo1.frontend.tests.stepdefinitions.TellUsSteps.userSelectAnswersAsAnd(java.lang.String,java.lang.String,java.lang.String,java.lang.String)
  Then Click on the Next button                                                                # com.mgp.mdemo1.frontend.tests.stepdefinitions.TellUsSteps.clickOnTheNextButton()
  And User click on Consent checkbox with value is "N"                                         # com.mgp.mdemo1.frontend.tests.stepdefinitions.ConsentSteps.userClickOnConsentCheckboxWithValueIs(java.lang.String)
  And Click on the Next button                                                                 # com.mgp.mdemo1.frontend.tests.stepdefinitions.TellUsSteps.clickOnTheNextButton()
Expected condition failed: waiting for visibility of [[AppiumDriver:  on IOS (11973595826dd6797c442ca189eacc938b65f3c4)] -> xpath: (//XCUIElementTypeStaticText)[last()]] (tried for 5 second(s) with 500 milliseconds interval)
Build info: version: '4.9.1', revision: 'eb2032df7f'
System info: os.name: 'Windows 11', os.arch: 'amd64', os.version: '10.0', java.version: '11.0.14'
Driver info: io.appium.java_client.AppiumDriver
Capabilities {appium:automationName: XCUITest, appium:bootstrapPath: /usr/local/.browserstack/co..., appium:browserstack.debug: true, appium:browserstack.isTargetBased: true, appium:build: ios build_2023-05-26t15:55:..., appium:bundleID: com.example.mgpMobileDemo1App, appium:bundleId: com.example.mgpMobileDemo1App, appium:databaseEnabled: false, appium:deviceName: iphone 14, appium:deviceOrientation: PORTRAIT, appium:javascriptEnabled: true, appium:keychainPassword: [REDACTED VALUE], appium:keychainPath: [REDACTED VALUE], appium:locationContextEnabled: false, appium:networkConnectionEnabled: false, appium:newCommandTimeout: 0, appium:noReset: true, appium:orientation: PORTRAIT, appium:project: mozaic ios project, appium:realMobile: true, appium:safariIgnoreFraudWarning: true, appium:safariInitialUrl: http://mobile-internet-chec..., appium:takesScreenshot: true, appium:udid: 00008110-001609AA2161401E, appium:useXctestrunFile: true, appium:waitForQuiescence: false, appium:wdaStartupRetries: 3, appium:webStorageEnabled: false, appium:webkitResponseTimeout: 20000, bstack:options: {appiumVersion: 1.21.0}, platformName: IOS}
Session ID: 11973595826dd6797c442ca189eacc938b65f3c4
  Then User should see we are sorry page                                                       # com.mgp.mdemo1.frontend.tests.stepdefinitions.WeAreSorrySteps.userShouldSeeWeAreSorryPage()
Expected condition failed: waiting for visibility of [[AppiumDriver:  on IOS (11973595826dd6797c442ca189eacc938b65f3c4)] -> xpath: (//XCUIElementTypeStaticText)[last()]] (tried for 10 second(s) with 500 milliseconds interval)
Build info: version: '4.9.1', revision: 'eb2032df7f'
System info: os.name: 'Windows 11', os.arch: 'amd64', os.version: '10.0', java.version: '11.0.14'
Driver info: io.appium.java_client.AppiumDriver
Capabilities {appium:automationName: XCUITest, appium:bootstrapPath: /usr/local/.browserstack/co..., appium:browserstack.debug: true, appium:browserstack.isTargetBased: true, appium:build: ios build_2023-05-26t15:55:..., appium:bundleID: com.example.mgpMobileDemo1App, appium:bundleId: com.example.mgpMobileDemo1App, appium:databaseEnabled: false, appium:deviceName: iphone 14, appium:deviceOrientation: PORTRAIT, appium:javascriptEnabled: true, appium:keychainPassword: [REDACTED VALUE], appium:keychainPath: [REDACTED VALUE], appium:locationContextEnabled: false, appium:networkConnectionEnabled: false, appium:newCommandTimeout: 0, appium:noReset: true, appium:orientation: PORTRAIT, appium:project: mozaic ios project, appium:realMobile: true, appium:safariIgnoreFraudWarning: true, appium:safariInitialUrl: http://mobile-internet-chec..., appium:takesScreenshot: true, appium:udid: 00008110-001609AA2161401E, appium:useXctestrunFile: true, appium:waitForQuiescence: false, appium:wdaStartupRetries: 3, appium:webStorageEnabled: false, appium:webkitResponseTimeout: 20000, bstack:options: {appiumVersion: 1.21.0}, platformName: IOS}
Session ID: 11973595826dd6797c442ca189eacc938b65f3c4
  And User should see the message "Werex sorry you declined our process!"                      # com.mgp.mdemo1.frontend.tests.stepdefinitions.WeAreSorrySteps.userShouldSeeTheMessage(java.lang.String)
      java.lang.AssertionError: expected [Werex sorry you declined our process!] but found [null]
	at org.testng.Assert.fail(Assert.java:110)
	at org.testng.Assert.failNotEquals(Assert.java:1413)
	at org.testng.Assert.assertEqualsImpl(Assert.java:149)
	at org.testng.Assert.assertEquals(Assert.java:131)
	at org.testng.Assert.assertEquals(Assert.java:655)
	at org.testng.Assert.assertEquals(Assert.java:665)
	at com.mgp.mdemo1.frontend.tests.stepdefinitions.WeAreSorrySteps.userShouldSeeTheMessage(WeAreSorrySteps.java:32)
	at âœ½.User should see the message "Werex sorry you declined our process!"(classpath:features/SubmitAnInvalidApplication.feature:25)

]]></system-out>
  </testcase>
</testsuite>