<?xml version="1.0" encoding="UTF-8" ?>
<testsuite tests="7" failures="1" name="TestSuite" time="34.506" errors="0" skipped="0">
  <properties>
[...]
</properties>
  <testcase classname="com.mgp.mdemo1.frontend.tests.testng.runner.RunCucumberTest" name="runScenario" time="0.056"/>
  <testcase classname="com.mgp.mdemo1.frontend.tests.testng.runner.RunCucumberTest" name="runScenario" time="0.006"/>
  <testcase classname="com.mgp.mdemo1.frontend.tests.testng.runner.RunCucumberTest" name="runScenario" time="0.004"/>
  <testcase classname="com.mgp.mdemo1.frontend.tests.testng.runner.RunCucumberTest" name="runScenario" time="0.003"/>
  <testcase classname="com.mgp.mdemo1.frontend.tests.testng.runner.RunCucumberTest" name="runScenario" time="0.005"/>
  <testcase classname="com.mgp.mdemo1.frontend.tests.testng.runner.RunCucumberTest" name="runScenario" time="0.003"/>
  <testcase classname="com.mgp.mobile.demo1.testng.runner.RunCucumberTest" name="runScenario" time="34.429">
    <failure message="The element &apos;By.xpath: //*[contains(@text,&apos;Your balance is&apos;)]&apos; is not linked to the same object in DOM anymore
For documentation on this error, please visit: https://selenium.dev/exceptions/#stale_element_reference
Build info: version: &apos;4.9.0&apos;, revision: &apos;d7057100a6&apos;
System info: os.name: &apos;Windows 11&apos;, os.arch: &apos;amd64&apos;, os.version: &apos;10.0&apos;, java.version: &apos;11.0.14&apos;
Driver info: io.appium.java_client.android.AndroidDriver
Command: [58d2c9a0-ed29-4832-8e8e-5a130c66f2e6, getElementText {id=00000000-0000-0017-0000-000700000014}]
Capabilities {appium:app: D:\Mozaic\mgp-mdemo1-fronte..., appium:appPackage: com.experitest.ExperiBank, appium:automationName: UIAutomator2, appium:databaseEnabled: false, appium:desired: {app: D:\Mozaic\mgp-mdemo1-fronte..., automationName: UIAutomator2, deviceName: emulator-5554, platformName: ANDROID, platformVersion: 12.0}, appium:deviceApiLevel: 31, appium:deviceManufacturer: Google, appium:deviceModel: sdk_gphone64_x86_64, appium:deviceName: emulator-5554, appium:deviceScreenDensity: 560, appium:deviceScreenSize: 1440x2560, appium:deviceUDID: emulator-5554, appium:javascriptEnabled: true, appium:locationContextEnabled: false, appium:networkConnectionEnabled: true, appium:pixelRatio: 3.5, appium:platformVersion: 12, appium:statBarHeight: 84, appium:takesScreenshot: true, appium:viewportRect: {height: 2308, left: 0, top: 84, width: 1440}, appium:warnings: {}, appium:webStorageEnabled: false, platformName: ANDROID}
Element: [[AndroidDriver:  on ANDROID (58d2c9a0-ed29-4832-8e8e-5a130c66f2e6)] -&gt; xpath: //*[contains(@text,&apos;Your balance is&apos;)]]
Session ID: 58d2c9a0-ed29-4832-8e8e-5a130c66f2e6" type="org.openqa.selenium.StaleElementReferenceException">org.openqa.selenium.StaleElementReferenceException: The element &apos;By.xpath: //*[contains(@text,&apos;Your balance is&apos;)]&apos; is not linked to the same object in DOM anymore
For documentation on this error, please visit: https://selenium.dev/exceptions/#stale_element_reference
Build info: version: &apos;4.9.0&apos;, revision: &apos;d7057100a6&apos;
System info: os.name: &apos;Windows 11&apos;, os.arch: &apos;amd64&apos;, os.version: &apos;10.0&apos;, java.version: &apos;11.0.14&apos;
Driver info: io.appium.java_client.android.AndroidDriver
Command: [58d2c9a0-ed29-4832-8e8e-5a130c66f2e6, getElementText {id=00000000-0000-0017-0000-000700000014}]
Capabilities {appium:app: D:\Mozaic\mgp-mdemo1-fronte..., appium:appPackage: com.experitest.ExperiBank, appium:automationName: UIAutomator2, appium:databaseEnabled: false, appium:desired: {app: D:\Mozaic\mgp-mdemo1-fronte..., automationName: UIAutomator2, deviceName: emulator-5554, platformName: ANDROID, platformVersion: 12.0}, appium:deviceApiLevel: 31, appium:deviceManufacturer: Google, appium:deviceModel: sdk_gphone64_x86_64, appium:deviceName: emulator-5554, appium:deviceScreenDensity: 560, appium:deviceScreenSize: 1440x2560, appium:deviceUDID: emulator-5554, appium:javascriptEnabled: true, appium:locationContextEnabled: false, appium:networkConnectionEnabled: true, appium:pixelRatio: 3.5, appium:platformVersion: 12, appium:statBarHeight: 84, appium:takesScreenshot: true, appium:viewportRect: {height: 2308, left: 0, top: 84, width: 1440}, appium:warnings: {}, appium:webStorageEnabled: false, platformName: ANDROID}
Element: [[AndroidDriver:  on ANDROID (58d2c9a0-ed29-4832-8e8e-5a130c66f2e6)] -&gt; xpath: //*[contains(@text,&apos;Your balance is&apos;)]]
Session ID: 58d2c9a0-ed29-4832-8e8e-5a130c66f2e6
	at java.base/jdk.internal.reflect.NativeConstructorAccessorImpl.newInstance0(Native Method)
	at java.base/jdk.internal.reflect.NativeConstructorAccessorImpl.newInstance(NativeConstructorAccessorImpl.java:62)
	at java.base/jdk.internal.reflect.DelegatingConstructorAccessorImpl.newInstance(DelegatingConstructorAccessorImpl.java:45)
	at java.base/java.lang.reflect.Constructor.newInstance(Constructor.java:490)
	at org.openqa.selenium.remote.codec.w3c.W3CHttpResponseCodec.createException(W3CHttpResponseCodec.java:200)
	at org.openqa.selenium.remote.codec.w3c.W3CHttpResponseCodec.decode(W3CHttpResponseCodec.java:133)
	at org.openqa.selenium.remote.codec.w3c.W3CHttpResponseCodec.decode(W3CHttpResponseCodec.java:53)
	at org.openqa.selenium.remote.HttpCommandExecutor.execute(HttpCommandExecutor.java:193)
	at io.appium.java_client.remote.AppiumCommandExecutor.execute(AppiumCommandExecutor.java:262)
	at org.openqa.selenium.remote.RemoteWebDriver.execute(RemoteWebDriver.java:543)
	at org.openqa.selenium.remote.RemoteWebElement.execute(RemoteWebElement.java:257)
	at org.openqa.selenium.remote.RemoteWebElement.getText(RemoteWebElement.java:207)
	at java.base/jdk.internal.reflect.NativeMethodAccessorImpl.invoke0(Native Method)
	at java.base/jdk.internal.reflect.NativeMethodAccessorImpl.invoke(NativeMethodAccessorImpl.java:62)
	at java.base/jdk.internal.reflect.DelegatingMethodAccessorImpl.invoke(DelegatingMethodAccessorImpl.java:43)
	at java.base/java.lang.reflect.Method.invoke(Method.java:566)
	at org.openqa.selenium.support.pagefactory.internal.LocatingElementHandler.invoke(LocatingElementHandler.java:52)
	at com.sun.proxy.$Proxy24.getText(Unknown Source)
	at com.mgp.mobile.demo1.pageobject.HomePage.getCurrentAmount(HomePage.java:33)
	at com.mgp.mobile.demo1.stepdefinitions.HomeSteps.userShouldSeeTheCurrentPaymentAmountValueIs(HomeSteps.java:25)
	at ✽.User should see the current payment amount value is &lt;80.00&gt;(classpath:features/MakeAPayment.feature:17)
</failure>
    <system-out>
@MakeAPayment
Scenario: Verify user can make a payment after login to the system.  # features/MakeAPayment.feature:4
Expected condition failed: waiting for visibility of Proxy element for: DefaultElementLocator &apos;By.id: com.experitest.ExperiBank:id/usernameTextField&apos; (tried for 3 second(s) with 500 milliseconds interval)
  Given User open the EriBank application and go to the Sign in page # com.mgp.mobile.demo1.stepdefinitions.LoginSteps.userOpenTheEriBankApplicationAndGoToTheSignInPage()
  And User Login to the app with valid Username and Password         # com.mgp.mobile.demo1.stepdefinitions.LoginSteps.userLoginToTheAppWithValidUsernameAndPassword()
  And User should able to see EriBank homepage                       # com.mgp.mobile.demo1.stepdefinitions.HomeSteps.userShouldAbleToSeeEriBankHomepage()
  And User should see the current payment amount value is &lt;100.00&gt;   # com.mgp.mobile.demo1.stepdefinitions.HomeSteps.userShouldSeeTheCurrentPaymentAmountValueIs(double)
  When User press on the Make Payment button                         # com.mgp.mobile.demo1.stepdefinitions.HomeSteps.userPressOnTheMakePaymentButton()
  And User input information as the below                            # com.mgp.mobile.demo1.stepdefinitions.PaymentSteps.userInputInformationAsTheBelow(io.cucumber.datatable.DataTable)
    | phone     | 81906918118 |
    | name      | Mark        |
    | amount(%) | 20          |
    | country   | Canada      |
  And User click on the Send Payment button                          # com.mgp.mobile.demo1.stepdefinitions.PaymentSteps.userClickOnTheSendPaymentButton()
  And User click on confirm Yes to send the payment popup            # com.mgp.mobile.demo1.stepdefinitions.PaymentSteps.userClickOnConfirmYesToSendThePaymentPopup()
  Then User should see the current payment amount value is &lt;80.00&gt;   # com.mgp.mobile.demo1.stepdefinitions.HomeSteps.userShouldSeeTheCurrentPaymentAmountValueIs(double)
      org.openqa.selenium.StaleElementReferenceException: The element &apos;By.xpath: //*[contains(@text,&apos;Your balance is&apos;)]&apos; is not linked to the same object in DOM anymore
For documentation on this error, please visit: https://selenium.dev/exceptions/#stale_element_reference
Build info: version: &apos;4.9.0&apos;, revision: &apos;d7057100a6&apos;
System info: os.name: &apos;Windows 11&apos;, os.arch: &apos;amd64&apos;, os.version: &apos;10.0&apos;, java.version: &apos;11.0.14&apos;
Driver info: io.appium.java_client.android.AndroidDriver
Command: [58d2c9a0-ed29-4832-8e8e-5a130c66f2e6, getElementText {id=00000000-0000-0017-0000-000700000014}]
Capabilities {appium:app: D:\Mozaic\mgp-mdemo1-fronte..., appium:appPackage: com.experitest.ExperiBank, appium:automationName: UIAutomator2, appium:databaseEnabled: false, appium:desired: {app: D:\Mozaic\mgp-mdemo1-fronte..., automationName: UIAutomator2, deviceName: emulator-5554, platformName: ANDROID, platformVersion: 12.0}, appium:deviceApiLevel: 31, appium:deviceManufacturer: Google, appium:deviceModel: sdk_gphone64_x86_64, appium:deviceName: emulator-5554, appium:deviceScreenDensity: 560, appium:deviceScreenSize: 1440x2560, appium:deviceUDID: emulator-5554, appium:javascriptEnabled: true, appium:locationContextEnabled: false, appium:networkConnectionEnabled: true, appium:pixelRatio: 3.5, appium:platformVersion: 12, appium:statBarHeight: 84, appium:takesScreenshot: true, appium:viewportRect: {height: 2308, left: 0, top: 84, width: 1440}, appium:warnings: {}, appium:webStorageEnabled: false, platformName: ANDROID}
Element: [[AndroidDriver:  on ANDROID (58d2c9a0-ed29-4832-8e8e-5a130c66f2e6)] -&gt; xpath: //*[contains(@text,&apos;Your balance is&apos;)]]
Session ID: 58d2c9a0-ed29-4832-8e8e-5a130c66f2e6
	at java.base/jdk.internal.reflect.NativeConstructorAccessorImpl.newInstance0(Native Method)
	at java.base/jdk.internal.reflect.NativeConstructorAccessorImpl.newInstance(NativeConstructorAccessorImpl.java:62)
	at java.base/jdk.internal.reflect.DelegatingConstructorAccessorImpl.newInstance(DelegatingConstructorAccessorImpl.java:45)
	at java.base/java.lang.reflect.Constructor.newInstance(Constructor.java:490)
	at org.openqa.selenium.remote.codec.w3c.W3CHttpResponseCodec.createException(W3CHttpResponseCodec.java:200)
	at org.openqa.selenium.remote.codec.w3c.W3CHttpResponseCodec.decode(W3CHttpResponseCodec.java:133)
	at org.openqa.selenium.remote.codec.w3c.W3CHttpResponseCodec.decode(W3CHttpResponseCodec.java:53)
	at org.openqa.selenium.remote.HttpCommandExecutor.execute(HttpCommandExecutor.java:193)
	at io.appium.java_client.remote.AppiumCommandExecutor.execute(AppiumCommandExecutor.java:262)
	at org.openqa.selenium.remote.RemoteWebDriver.execute(RemoteWebDriver.java:543)
	at org.openqa.selenium.remote.RemoteWebElement.execute(RemoteWebElement.java:257)
	at org.openqa.selenium.remote.RemoteWebElement.getText(RemoteWebElement.java:207)
	at java.base/jdk.internal.reflect.NativeMethodAccessorImpl.invoke0(Native Method)
	at java.base/jdk.internal.reflect.NativeMethodAccessorImpl.invoke(NativeMethodAccessorImpl.java:62)
	at java.base/jdk.internal.reflect.DelegatingMethodAccessorImpl.invoke(DelegatingMethodAccessorImpl.java:43)
	at java.base/java.lang.reflect.Method.invoke(Method.java:566)
	at org.openqa.selenium.support.pagefactory.internal.LocatingElementHandler.invoke(LocatingElementHandler.java:52)
	at com.sun.proxy.$Proxy24.getText(Unknown Source)
	at com.mgp.mobile.demo1.pageobject.HomePage.getCurrentAmount(HomePage.java:33)
	at com.mgp.mobile.demo1.stepdefinitions.HomeSteps.userShouldSeeTheCurrentPaymentAmountValueIs(HomeSteps.java:25)
	at âœ½.User should see the current payment amount value is &lt;80.00&gt;(classpath:features/MakeAPayment.feature:17)

</system-out>
    <system-err>?????????????????????????????????????????????????????????????????????????????????????
? Share your Cucumber Report with your team at https://reports.cucumber.io          ?
? Activate publishing with one of the following:                                    ?
?                                                                                   ?
? src/test/resources/cucumber.properties:          cucumber.publish.enabled=true    ?
? src/test/resources/junit-platform.properties:    cucumber.publish.enabled=true    ?
? Environment variable:                            CUCUMBER_PUBLISH_ENABLED=true    ?
? JUnit:                                           @CucumberOptions(publish = true) ?
?                                                                                   ?
? More information at https://cucumber.io/docs/cucumber/environment-variables/      ?
?                                                                                   ?
? Disable this message with one of the following:                                   ?
?                                                                                   ?
? src/test/resources/cucumber.properties:          cucumber.publish.quiet=true      ?
? src/test/resources/junit-platform.properties:    cucumber.publish.quiet=true      ?
?????????????????????????????????????????????????????????????????????????????????????
</system-err>
  </testcase>
</testsuite>