<?xml version="1.0" encoding="UTF-8"?>
<!-- Generated by org.testng.reporters.JUnitReportReporter -->
<testsuite hostname="TriPC" failures="1" tests="6" name="com.mgp.mdemo1.frontend.tests.testng.runner.RunCucumberTest" time="290.080" errors="0" timestamp="2023-06-23T11:37:49 ICT" skipped="0">
  <testcase classname="com.mgp.mdemo1.frontend.tests.testng.runner.RunCucumberTest" name="runScenario" time="38.285"/>
  <system-out/>
  <testcase classname="com.mgp.mdemo1.frontend.tests.testng.runner.RunCucumberTest" name="runScenario" time="71.188"/>
  <system-out/>
  <testcase classname="com.mgp.mdemo1.frontend.tests.testng.runner.RunCucumberTest" name="runScenario" time="38.661"/>
  <system-out/>
  <testcase classname="com.mgp.mdemo1.frontend.tests.testng.runner.RunCucumberTest" name="runScenario" time="63.113">
    <failure message="expected [Werex sorry you declined our process!] but found [null]" type="java.lang.AssertionError">
      <![CDATA[java.lang.AssertionError: expected [Werex sorry you declined our process!] but found [null]
at org.testng.Assert.fail(Assert.java:110)
at org.testng.Assert.failNotEquals(Assert.java:1413)
at org.testng.Assert.assertEqualsImpl(Assert.java:149)
at org.testng.Assert.assertEquals(Assert.java:131)
at org.testng.Assert.assertEquals(Assert.java:655)
at org.testng.Assert.assertEquals(Assert.java:665)
at com.mgp.mdemo1.frontend.tests.stepdefinitions.WeAreSorrySteps.userShouldSeeTheMessage(WeAreSorrySteps.java:32)
at ✽.User should see the message "Werex sorry you declined our process!"(classpath:features/SubmitAnInvalidApplication.feature:25)
]]>
    </failure>
  </testcase> <!-- runScenario -->
  <system-out/>
  <testcase classname="com.mgp.mdemo1.frontend.tests.testng.runner.RunCucumberTest" name="runScenario" time="39.649"/>
  <system-out/>
  <testcase classname="com.mgp.mdemo1.frontend.tests.testng.runner.RunCucumberTest" name="runScenario" time="39.184"/>
  <system-out/>
</testsuite> <!-- com.mgp.mdemo1.frontend.tests.testng.runner.RunCucumberTest -->
